\BOOKMARK [1][-]{section.1}{\376\377\000A\000r\000d\000u\000i\000n\000o\116\313\175\071}{}% 1
\BOOKMARK [1][-]{section.2}{\376\377\226\373\133\120\133\170\166\204\127\372\147\054\151\202\137\365}{}% 2
\BOOKMARK [2][-]{subsection.2.1}{\376\377\226\373\130\323\000\050\000V\000o\000l\000t\000a\000g\000e\000\051}{section.2}% 3
\BOOKMARK [2][-]{subsection.2.2}{\376\377\226\373\155\101\000\050\000C\000u\000r\000r\000e\000n\000t\000\051}{section.2}% 4
\BOOKMARK [2][-]{subsection.2.3}{\376\377\226\373\226\073\000\050\000R\000e\000s\000i\000s\000t\000a\000n\000c\000e\000\051}{section.2}% 5
\BOOKMARK [2][-]{subsection.2.4}{\376\377\153\120\131\306\133\232\137\213\000\050\000O\000h\000m\000'\000s\000\040\000L\000a\000w\000\051}{section.2}% 6
\BOOKMARK [1][-]{section.3}{\376\377\131\202\117\125\220\017\220\116\000A\000r\000d\000u\000i\000n\000o\143\247\122\066\121\103\116\366}{}% 7
\BOOKMARK [2][-]{subsection.3.1}{\376\377\121\103\116\366\116\313\175\071}{section.3}% 8
\BOOKMARK [3][-]{subsubsection.3.1.1}{\376\377\000L\000E\000D}{subsection.3.1}% 9
\BOOKMARK [3][-]{subsubsection.3.1.2}{\376\377\226\373\226\073}{subsection.3.1}% 10
\BOOKMARK [3][-]{subsubsection.3.1.3}{\376\377\236\265\123\005\147\177}{subsection.3.1}% 11
\BOOKMARK [3][-]{subsubsection.3.1.4}{\376\377\207\002\234\364\126\150}{subsection.3.1}% 12
\BOOKMARK [3][-]{subsubsection.3.1.5}{\376\377\130\323\211\272\141\037\156\054\126\150}{subsection.3.1}% 13
\BOOKMARK [3][-]{subsubsection.3.1.6}{\376\377\000A\000r\000d\000u\000i\000n\000o\000\040\000U\000n\000o\225\213\166\174\147\177}{subsection.3.1}% 14
\BOOKMARK [2][-]{subsection.3.2}{\376\377\000A\000r\000d\000u\000i\000n\000o\000\040\000I\000D\000E\166\204\172\013\137\017\175\120\151\313}{section.3}% 15
\BOOKMARK [2][-]{subsection.3.3}{\376\377\000A\000r\000d\000u\000i\000n\000o\166\204\217\070\121\372}{section.3}% 16
\BOOKMARK [2][-]{subsection.3.4}{\376\377\131\202\117\125\143\247\122\066\201\163\117\115}{section.3}% 17
\BOOKMARK [2][-]{subsection.3.5}{\376\377\131\202\117\125\213\200\123\326\212\012\206\137}{section.3}% 18
\BOOKMARK [1][-]{section.4}{\376\377\000A\000p\000p\000e\000n\000d\000i\000x\000-\000\040\000C\000+\000+\212\236\154\325\116\313\175\071}{}% 19
\BOOKMARK [2][-]{subsection.4.1}{\376\377\213\212\145\170\166\204\172\056\230\136\202\007\116\313\175\071}{section.4}% 20
\BOOKMARK [2][-]{subsection.4.2}{\376\377\000i\000f\000-\000e\000l\000s\000e\212\236\154\325}{section.4}% 21
\BOOKMARK [2][-]{subsection.4.3}{\376\377\000f\000o\000r\000\040\000l\000o\000o\000p}{section.4}% 22
\BOOKMARK [2][-]{subsection.4.4}{\376\377\000w\000h\000i\000l\000e\000\040\000l\000o\000o\000p}{section.4}% 23
